빌드 시작: 2017-12-30 오후 12:59:19
     1>2 노드의 "C:\Users\류성희\Desktop\deltmp\Baekjoon\prov5719\prov5719\prov5719.vcxproj" 프로젝트(Build 대상)입니다.
     1>ClCompile:
         C:\Program Files (x86)\Microsoft Visual Studio 12.0\VC\bin\CL.exe /c /ZI /nologo /W3 /WX- /Od /Oy- /D WIN32 /D _DEBUG /D _CONSOLE /D _LIB /D _UNICODE /D UNICODE /Gm /EHsc /RTC1 /MDd /GS /fp:precise /Zc:wchar_t /Zc:forScope /Fo"Debug\\" /Fd"Debug\vc120.pdb" /Gd /TP /analyze- /errorReport:prompt /Zm256 "소스.cpp"
         소스.cpp
     1>c:\users\류성희\desktop\deltmp\baekjoon\prov5719\prov5719\소스.cpp(42): warning C4996: 'scanf': This function or variable may be unsafe. Consider using scanf_s instead. To disable deprecation, use _CRT_SECURE_NO_WARNINGS. See online help for details.
                 c:\program files (x86)\microsoft visual studio 12.0\vc\include\stdio.h(283) : 'scanf' 선언을 참조하십시오.
     1>c:\users\류성희\desktop\deltmp\baekjoon\prov5719\prov5719\소스.cpp(44): warning C4996: 'scanf': This function or variable may be unsafe. Consider using scanf_s instead. To disable deprecation, use _CRT_SECURE_NO_WARNINGS. See online help for details.
                 c:\program files (x86)\microsoft visual studio 12.0\vc\include\stdio.h(283) : 'scanf' 선언을 참조하십시오.
     1>c:\users\류성희\desktop\deltmp\baekjoon\prov5719\prov5719\소스.cpp(49): warning C4996: 'scanf': This function or variable may be unsafe. Consider using scanf_s instead. To disable deprecation, use _CRT_SECURE_NO_WARNINGS. See online help for details.
                 c:\program files (x86)\microsoft visual studio 12.0\vc\include\stdio.h(283) : 'scanf' 선언을 참조하십시오.
     1>c:\users\류성희\desktop\deltmp\baekjoon\prov5719\prov5719\소스.cpp(102): warning C4018: '<' : signed 또는 unsigned가 일치하지 않습니다.
     1>c:\program files (x86)\microsoft visual studio 12.0\vc\include\xutility(2600): warning C4800: 'const int' : 'true' 또는 'false'로 bool 값을 강제하고 있습니다(성능 경고).
                 c:\program files (x86)\microsoft visual studio 12.0\vc\include\xutility(2623) : 컴파일 중인 함수 템플릿 인스턴스화 'void std::_Fill<_Iter,_Ty>(_FwdIt,_FwdIt,const _Ty &)'에 대한 참조를 확인하십시오.
                 with
                 [
                     _Iter=bool *
         ,            _Ty=int
         ,            _FwdIt=bool *
                 ]
                 c:\users\류성희\desktop\deltmp\baekjoon\prov5719\prov5719\소스.cpp(55) : 컴파일 중인 함수 템플릿 인스턴스화 'void std::fill<bool*,int>(_FwdIt,_FwdIt,const _Ty &)'에 대한 참조를 확인하십시오.
                 with
                 [
                     _FwdIt=bool *
         ,            _Ty=int
                 ]
     1>c:\users\류성희\desktop\deltmp\baekjoon\prov5719\prov5719\소스.cpp(37): warning C4715: 'dfs' : 모든 제어 경로에서 값을 반환하지는 않습니다.
       Link:
         C:\Program Files (x86)\Microsoft Visual Studio 12.0\VC\bin\link.exe /ERRORREPORT:PROMPT /OUT:"C:\Users\류성희\Desktop\deltmp\Baekjoon\prov5719\Debug\prov5719.exe" /INCREMENTAL /NOLOGO kernel32.lib user32.lib gdi32.lib winspool.lib comdlg32.lib advapi32.lib shell32.lib ole32.lib oleaut32.lib uuid.lib odbc32.lib odbccp32.lib /MANIFEST /MANIFESTUAC:"level='asInvoker' uiAccess='false'" /manifest:embed /DEBUG /PDB:"C:\Users\류성희\Desktop\deltmp\Baekjoon\prov5719\Debug\prov5719.pdb" /SUBSYSTEM:CONSOLE /TLBID:1 /DYNAMICBASE /NXCOMPAT /IMPLIB:"C:\Users\류성희\Desktop\deltmp\Baekjoon\prov5719\Debug\prov5719.lib" /MACHINE:X86 "Debug\소스.obj"
         prov5719.vcxproj -> C:\Users\류성희\Desktop\deltmp\Baekjoon\prov5719\Debug\prov5719.exe
     1>"C:\Users\류성희\Desktop\deltmp\Baekjoon\prov5719\prov5719\prov5719.vcxproj" 프로젝트를 빌드했습니다(Build 대상).

빌드했습니다.

경과 시간: 00:00:00.93
